2024-08-31 06:38:25 - Starting AWS resource tracking script.
2024-08-31 06:38:25 - Listing S3 buckets:
2024-08-31 06:38:28 - Listing EC2 instances:
"i-0a51309f2f847d773"
2024-08-31 06:38:29 - Listing Lambda functions:
{
    "Functions": []
}
2024-08-31 06:38:30 - Listing IAM users:
{
    "Users": [
        {
            "Path": "/",
            "UserName": "demo-user",
            "UserId": "AIDA4MTWHF3VZQWLRAL7D",
            "Arn": "arn:aws:iam::851725201131:user/demo-user",
            "CreateDate": "2024-08-18T03:02:12+00:00",
            "PasswordLastUsed": "2024-08-18T03:12:17+00:00"
        }
    ]
}
2024-08-31 06:38:31 - AWS resource tracking script completed.
2024-08-31 06:42:07 - Starting AWS resource tracking script.
2024-08-31 06:42:07 - Listing S3 buckets:
2024-08-31 06:42:08 - Listing EC2 instances:
"i-0a51309f2f847d773"
2024-08-31 06:42:09 - Listing Lambda functions:
{
    "Functions": []
}
2024-08-31 06:42:09 - Listing IAM users:
{
    "Users": [
        {
            "Path": "/",
            "UserName": "demo-user",
            "UserId": "AIDA4MTWHF3VZQWLRAL7D",
            "Arn": "arn:aws:iam::851725201131:user/demo-user",
            "CreateDate": "2024-08-18T03:02:12+00:00",
            "PasswordLastUsed": "2024-08-18T03:12:17+00:00"
        }
    ]
}
2024-08-31 06:42:10 - AWS resource tracking script completed.
2024-08-31 07:00:29 - Starting AWS resource tracking script.
2024-08-31 07:00:29 - Listing S3 buckets:
2024-08-31 07:00:30 - Listing EC2 instances:
"i-0a51309f2f847d773"
2024-08-31 07:00:32 - Listing Lambda functions:
{
    "Functions": []
}
2024-08-31 07:00:34 - Listing IAM users:
{
    "Users": [
        {
            "Path": "/",
            "UserName": "demo-user",
            "UserId": "AIDA4MTWHF3VZQWLRAL7D",
            "Arn": "arn:aws:iam::851725201131:user/demo-user",
            "CreateDate": "2024-08-18T03:02:12+00:00",
            "PasswordLastUsed": "2024-08-18T03:12:17+00:00"
        }
    ]
}
2024-08-31 07:00:36 - AWS resource tracking script completed.
2024-08-31 07:01:01 - Starting AWS resource tracking script.
2024-08-31 07:01:01 - Listing S3 buckets:
2024-08-31 07:01:03 - Listing EC2 instances:
"i-0a51309f2f847d773"
2024-08-31 07:01:05 - Listing Lambda functions:
{
    "Functions": []
}
2024-08-31 07:01:06 - Listing IAM users:
{
    "Users": [
        {
            "Path": "/",
            "UserName": "demo-user",
            "UserId": "AIDA4MTWHF3VZQWLRAL7D",
            "Arn": "arn:aws:iam::851725201131:user/demo-user",
            "CreateDate": "2024-08-18T03:02:12+00:00",
            "PasswordLastUsed": "2024-08-18T03:12:17+00:00"
        }
    ]
}
2024-08-31 07:01:08 - AWS resource tracking script completed.
